<?xml version="1.0" encoding="UTF-8"?>
<!-- Generated by org.testng.reporters.JUnitXMLReporter -->
<testsuite hostname="DESKTOP-ECO8HT0" ignored="0" name="Default test" tests="7" failures="0" timestamp="17 May 2019 03:03:01 GMT" time="8.129" errors="0">
  <testcase name="createAUser" time="2.037" classname="apiproject_testcase.UserAndCommentRouteTest"/>
  <testcase name="getAllUser" time="0.893" classname="apiproject_testcase.UserAndCommentRouteTest"/>
  <testcase name="updateAUser" time="0.862" classname="apiproject_testcase.UserAndCommentRouteTest"/>
  <testcase name="postAcommentToAUser" time="0.896" classname="apiproject_testcase.UserAndCommentRouteTest"/>
  <testcase name="updateACommentToAUser" time="0.932" classname="apiproject_testcase.UserAndCommentRouteTest"/>
  <testcase name="deleteAcommentToUser" time="0.88" classname="apiproject_testcase.UserAndCommentRouteTest"/>
  <testcase name="deleteAUser" time="0.772" classname="apiproject_testcase.UserAndCommentRouteTest"/>
</testsuite> <!-- Default test -->
