<?xml version="1.0" encoding="UTF-8"?>
<!-- Generated by org.testng.reporters.JUnitReportReporter -->
<testsuite skipped="3" hostname="DESKTOP-ECO8HT0" name="apiproject_testcase.CompanyRouteTest" tests="4" failures="0" timestamp="14 May 2019 17:32:35 GMT" time="1.575" errors="0">
  <testcase name="getInfoOfACompany" time="1.575" classname="apiproject_testcase.CompanyRouteTest"/>
  <testcase name="deleteACompany" classname="apiproject_testcase.CompanyRouteTest">
    <skipped/>
  </testcase> <!-- deleteACompany -->
  <testcase name="createACompany" classname="apiproject_testcase.CompanyRouteTest">
    <skipped/>
  </testcase> <!-- createACompany -->
  <testcase name="updateACompany" classname="apiproject_testcase.CompanyRouteTest">
    <skipped/>
  </testcase> <!-- updateACompany -->
</testsuite> <!-- apiproject_testcase.CompanyRouteTest -->
