<?xml version="1.0" encoding="UTF-8"?>
<!-- Generated by org.testng.reporters.JUnitReportReporter -->
<testsuite skipped="0" hostname="DESKTOP-ECO8HT0" name="testcase.TweetsTest" tests="7" failures="0" timestamp="02 May 2019 00:46:17 GMT" time="7.451" errors="0">
  <testcase name="postATweet" time="2.225" classname="testcase.TweetsTest"/>
  <testcase name="showATweet" time="0.627" classname="testcase.TweetsTest"/>
  <testcase name="retweetATweet" time="0.701" classname="testcase.TweetsTest"/>
  <testcase name="unretweetATweet" time="0.734" classname="testcase.TweetsTest"/>
  <testcase name="likeATweet" time="0.733" classname="testcase.TweetsTest"/>
  <testcase name="unlikeATweet" time="1.743" classname="testcase.TweetsTest"/>
  <testcase name="deleteATweet" time="0.688" classname="testcase.TweetsTest"/>
</testsuite> <!-- testcase.TweetsTest -->
