<?xml version="1.0" encoding="UTF-8"?>
<!-- Generated by org.testng.reporters.JUnitReportReporter -->
<testsuite skipped="1" hostname="DESKTOP-ECO8HT0" name="apiproject_testcase.AdminRouteTest" tests="2" failures="0" timestamp="14 May 2019 18:48:47 GMT" time="1.947" errors="0">
  <testcase name="loginAsAdmin" time="1.947" classname="apiproject_testcase.AdminRouteTest"/>
  <testcase name="signUpAsAdim" classname="apiproject_testcase.AdminRouteTest">
    <skipped/>
  </testcase> <!-- signUpAsAdim -->
</testsuite> <!-- apiproject_testcase.AdminRouteTest -->
